2018-01-13 04:00:37:033 +05:30 1515796237 IPv6 ::1:3000 GET /
2018-01-13 04:00:37:049 +05:30 1515796237 IPv6 ::1:3000 GET /robots.txt
2018-01-15 09:53:26:326 +05:30 1515990206 IPv6 ::1:3000 GET /
2018-01-15 09:53:26:424 +05:30 1515990206 IPv6 ::1:3000 GET /robots.txt
2018-01-15 09:53:29:135 +05:30 1515990209 IPv6 ::1:3000 GET /favicon.ico
2018-01-15 10:02:35:920 +05:30 1515990755 IPv6 ::1:3000 GET /
2018-01-15 10:03:04:884 +05:30 1515990784 IPv6 ::1:3000 GET /
2018-01-15 10:03:07:072 +05:30 1515990787 IPv6 ::1:3000 GET /
2018-01-15 10:03:08:166 +05:30 1515990788 IPv6 ::1:3000 GET /
2018-01-15 10:03:25:140 +05:30 1515990805 IPv6 ::1:3000 GET /
2018-01-15 10:03:26:040 +05:30 1515990806 IPv6 ::1:3000 GET /
2018-01-15 10:03:38:590 +05:30 1515990818 IPv6 ::1:3000 GET /
2018-01-15 10:04:04:305 +05:30 1515990844 IPv6 ::1:3000 GET /
2018-01-15 10:04:05:785 +05:30 1515990845 IPv6 ::1:3000 GET /
2018-01-15 10:04:06:871 +05:30 1515990846 IPv6 ::1:3000 GET /
2018-01-15 10:04:07:480 +05:30 1515990847 IPv6 ::1:3000 GET /
2018-01-15 10:04:08:139 +05:30 1515990848 IPv6 ::1:3000 GET /
2018-01-15 10:04:09:855 +05:30 1515990849 IPv6 ::1:3000 GET /
2018-01-15 10:04:10:117 +05:30 1515990850 IPv6 ::1:3000 GET /favicon.ico
2018-01-15 10:06:41:445 +05:30 1515991001 IPv6 ::1:3000 GET /
2018-01-15 10:06:59:035 +05:30 1515991019 IPv6 ::1:3000 GET /
2018-01-15 10:07:19:119 +05:30 1515991039 IPv6 ::1:3000 GET /
2018-01-15 10:07:31:830 +05:30 1515991051 IPv6 ::1:3000 GET /
2018-01-15 10:07:37:448 +05:30 1515991057 IPv6 ::1:3000 GET /
2018-01-15 10:07:38:728 +05:30 1515991058 IPv6 ::1:3000 GET /
2018-01-15 10:07:45:494 +05:30 1515991065 IPv6 ::1:3000 GET /
2018-01-15 10:07:55:278 +05:30 1515991075 IPv6 ::1:3000 GET /
2018-01-15 10:08:50:447 +05:30 1515991130 IPv6 ::1:3000 GET /
2018-01-15 10:12:36:703 +05:30 1515991356 IPv6 ::1:3000 GET /
2018-01-15 10:13:40:676 +05:30 1515991420 IPv6 ::1:3000 GET /
2018-01-15 10:13:40:689 +05:30 1515991420 IPv6 ::1:3000 GET /robots.txt
2018-01-15 10:16:12:836 +05:30 1515991572 IPv6 ::1:3000 GET /
2018-01-15 10:19:44:230 +05:30 1515991784 IPv6 ::1:3000 GET /
2018-01-15 19:14:25:664 +05:30 1516023865 IPv6 ::1:3000 GET /
2018-01-15 19:14:25:765 +05:30 1516023865 IPv6 ::1:3000 GET /robots.txt
2018-01-15 19:14:26:061 +05:30 1516023866 IPv6 ::1:3000 GET /robots.txt
2018-01-15 19:14:27:313 +05:30 1516023867 IPv6 ::1:3000 GET /favicon.ico
2018-01-15 19:21:58:703 +05:30 1516024318 IPv6 ::ffff:127.0.0.1:3000 GET /
2018-01-15 19:21:58:747 +05:30 1516024318 IPv6 ::ffff:127.0.0.1:3000 GET /robots.txt
2018-01-15 19:21:59:020 +05:30 1516024319 IPv6 ::ffff:127.0.0.1:3000 GET /robots.txt
2018-01-15 19:22:00:310 +05:30 1516024320 IPv6 ::ffff:127.0.0.1:3000 GET /favicon.ico
2018-01-15 19:23:52:019 +05:30 1516024432 IPv6 ::ffff:127.0.0.1:3000 GET /
2018-01-15 19:23:52:102 +05:30 1516024432 IPv6 ::ffff:127.0.0.1:3000 GET /robots.txt
2018-01-15 19:23:53:475 +05:30 1516024433 IPv6 ::ffff:127.0.0.1:3000 GET /favicon.ico
2018-01-15 19:24:01:018 +05:30 1516024441 IPv6 ::1:3000 GET /
2018-01-15 19:24:51:383 +05:30 1516024491 IPv6 ::ffff:127.0.0.1:3000 GET /
2018-01-15 19:25:11:272 +05:30 1516024511 IPv6 ::1:3000 GET /
2018-01-15 19:25:31:278 +05:30 1516024531 IPv6 ::1:3000 GET /
2018-01-15 19:27:14:183 +05:30 1516024634 IPv6 ::ffff:127.0.0.1:3000 GET /
2018-01-15 19:29:47:922 +05:30 1516024787 IPv6 ::1:3000 GET /
2018-01-15 19:32:15:094 +05:30 1516024935 IPv6 ::ffff:127.0.0.1:3000 GET /
2018-01-15 19:44:20:742 +05:30 1516025660 IPv6 ::1:3000 GET /
2018-01-15 20:11:38:741 +05:30 1516027298 IPv6 ::1:3000 GET /
2018-01-15 20:11:57:683 +05:30 1516027317 IPv6 ::1:3000 GET /
2018-01-16 16:53:36:069 +05:30 1516101816 IPv6 ::1:3000 GET /
2018-01-16 16:53:36:120 +05:30 1516101816 IPv6 ::1:3000 GET /robots.txt
2018-01-16 16:53:37:599 +05:30 1516101817 IPv6 ::1:3000 GET /favicon.ico
2018-01-17 00:04:36:700 +05:30 1516127676 IPv6 ::1:3000 GET /robots.txt
2018-01-17 00:04:36:712 +05:30 1516127676 IPv6 ::1:3000 GET /
2018-01-17 00:04:40:176 +05:30 1516127680 IPv6 ::1:3000 GET /favicon.ico
